0 info it worked if it ends with ok
1 verbose cli [ 'C:\\Program Files\\nodejs\\\\node.exe',
1 verbose cli   'C:\\Program Files\\nodejs\\node_modules\\npm\\bin\\npm-cli.js',
1 verbose cli   'install',
1 verbose cli   'bcrypt',
1 verbose cli   '--save' ]
2 info using npm@2.7.4
3 info using node@v0.12.2
4 verbose node symlink C:\Program Files\nodejs\\node.exe
5 silly cache add args [ 'bcrypt@^0.8.3', null ]
6 verbose cache add spec bcrypt@^0.8.3
7 silly cache add parsed spec { raw: 'bcrypt@^0.8.3',
7 silly cache add   scope: null,
7 silly cache add   name: 'bcrypt',
7 silly cache add   rawSpec: '^0.8.3',
7 silly cache add   spec: '>=0.8.3 <0.9.0',
7 silly cache add   type: 'range' }
8 verbose addNamed bcrypt@>=0.8.3 <0.9.0
9 silly addNamed semver.valid null
10 silly addNamed semver.validRange >=0.8.3 <0.9.0
11 silly addNameRange { name: 'bcrypt', range: '>=0.8.3 <0.9.0', hasData: false }
12 silly mapToRegistry name bcrypt
13 silly mapToRegistry using default registry
14 silly mapToRegistry registry https://registry.npmjs.org/
15 silly mapToRegistry uri https://registry.npmjs.org/bcrypt
16 verbose addNameRange registry:https://registry.npmjs.org/bcrypt not in flight; fetching
17 verbose request uri https://registry.npmjs.org/bcrypt
18 verbose request no auth needed
19 info attempt registry request try #1 at 10:47:36 AM
20 verbose request id 05d6981e06c22393
21 verbose etag "5X86HJNCEQ0W2NFPYLDEYGSV3"
22 http request GET https://registry.npmjs.org/bcrypt
23 http 304 https://registry.npmjs.org/bcrypt
24 silly get cb [ 304,
24 silly get   { date: 'Mon, 08 Jun 2015 05:16:56 GMT',
24 silly get     via: '1.1 varnish',
24 silly get     'cache-control': 'max-age=60',
24 silly get     etag: '"5X86HJNCEQ0W2NFPYLDEYGSV3"',
24 silly get     age: '37',
24 silly get     connection: 'keep-alive',
24 silly get     'x-served-by': 'cache-sin6923-SIN',
24 silly get     'x-cache': 'HIT',
24 silly get     'x-cache-hits': '1',
24 silly get     'x-timer': 'S1433740616.540759,VS0,VE0',
24 silly get     vary: 'Accept' } ]
25 verbose etag https://registry.npmjs.org/bcrypt from cache
26 verbose get saving bcrypt to C:\Users\wohlig\AppData\Roaming\npm-cache\registry.npmjs.org\bcrypt\.cache.json
27 silly addNameRange number 2 { name: 'bcrypt', range: '>=0.8.3 <0.9.0', hasData: true }
28 silly addNameRange versions [ 'bcrypt',
28 silly addNameRange   [ '0.1.2',
28 silly addNameRange     '0.2.0',
28 silly addNameRange     '0.2.1',
28 silly addNameRange     '0.1.3',
28 silly addNameRange     '0.2.2',
28 silly addNameRange     '0.2.3',
28 silly addNameRange     '0.2.4',
28 silly addNameRange     '0.3.0',
28 silly addNameRange     '0.3.1',
28 silly addNameRange     '0.3.2',
28 silly addNameRange     '0.4.0',
28 silly addNameRange     '0.4.1',
28 silly addNameRange     '0.5.0',
28 silly addNameRange     '0.6.0',
28 silly addNameRange     '0.7.0',
28 silly addNameRange     '0.7.1',
28 silly addNameRange     '0.7.2',
28 silly addNameRange     '0.7.3',
28 silly addNameRange     '0.7.4',
28 silly addNameRange     '0.7.5',
28 silly addNameRange     '0.7.6',
28 silly addNameRange     '0.7.7',
28 silly addNameRange     '0.7.8',
28 silly addNameRange     '0.8.0',
28 silly addNameRange     '0.8.1',
28 silly addNameRange     '0.8.2',
28 silly addNameRange     '0.8.3' ] ]
29 verbose addNamed bcrypt@0.8.3
30 silly addNamed semver.valid 0.8.3
31 silly addNamed semver.validRange 0.8.3
32 silly cache afterAdd bcrypt@0.8.3
33 verbose afterAdd C:\Users\wohlig\AppData\Roaming\npm-cache\bcrypt\0.8.3\package\package.json not in flight; writing
34 verbose afterAdd C:\Users\wohlig\AppData\Roaming\npm-cache\bcrypt\0.8.3\package\package.json written
35 silly install resolved [ { name: 'bcrypt',
35 silly install resolved     description: 'A bcrypt library for NodeJS.',
35 silly install resolved     keywords:
35 silly install resolved      [ 'bcrypt',
35 silly install resolved        'password',
35 silly install resolved        'auth',
35 silly install resolved        'authentication',
35 silly install resolved        'encryption',
35 silly install resolved        'crypt',
35 silly install resolved        'crypto' ],
35 silly install resolved     main: './bcrypt',
35 silly install resolved     version: '0.8.3',
35 silly install resolved     author: { name: 'Nick Campbell', url: 'https://github.com/ncb000gt' },
35 silly install resolved     engines: { node: '>= 0.6.0' },
35 silly install resolved     repository:
35 silly install resolved      { type: 'git',
35 silly install resolved        url: 'git+https://github.com/ncb000gt/node.bcrypt.js.git' },
35 silly install resolved     licenses: [ [Object] ],
35 silly install resolved     bugs: { url: 'https://github.com/ncb000gt/node.bcrypt.js/issues' },
35 silly install resolved     scripts:
35 silly install resolved      { test: 'node-gyp configure build && nodeunit test',
35 silly install resolved        install: 'node-gyp rebuild' },
35 silly install resolved     dependencies: { bindings: '1.2.1', nan: '1.8.4' },
35 silly install resolved     devDependencies: { nodeunit: '>=0.6.4' },
35 silly install resolved     contributors:
35 silly install resolved      [ [Object],
35 silly install resolved        [Object],
35 silly install resolved        [Object],
35 silly install resolved        [Object],
35 silly install resolved        [Object],
35 silly install resolved        [Object],
35 silly install resolved        [Object],
35 silly install resolved        [Object],
35 silly install resolved        [Object],
35 silly install resolved        [Object],
35 silly install resolved        [Object],
35 silly install resolved        [Object],
35 silly install resolved        [Object],
35 silly install resolved        [Object] ],
35 silly install resolved     gypfile: true,
35 silly install resolved     gitHead: '59b9a1e4b3a0d0889812fdeda4e1c7bd0224ebd1',
35 silly install resolved     homepage: 'https://github.com/ncb000gt/node.bcrypt.js#readme',
35 silly install resolved     _id: 'bcrypt@0.8.3',
35 silly install resolved     _shasum: '714f92307246a35350744312b0d6a11a4abf792e',
35 silly install resolved     _from: 'bcrypt@>=0.8.3 <0.9.0',
35 silly install resolved     _npmVersion: '2.9.0',
35 silly install resolved     _nodeVersion: '0.10.35',
35 silly install resolved     _npmUser: { name: 'shtylman', email: 'shtylman@gmail.com' },
35 silly install resolved     maintainers: [ [Object], [Object], [Object], [Object] ],
35 silly install resolved     dist:
35 silly install resolved      { shasum: '714f92307246a35350744312b0d6a11a4abf792e',
35 silly install resolved        tarball: 'http://registry.npmjs.org/bcrypt/-/bcrypt-0.8.3.tgz' },
35 silly install resolved     directories: {},
35 silly install resolved     _resolved: 'https://registry.npmjs.org/bcrypt/-/bcrypt-0.8.3.tgz',
35 silly install resolved     readme: 'ERROR: No README data found!' } ]
36 info install bcrypt@0.8.3 into C:\xampp\htdocs\Applion
37 info installOne bcrypt@0.8.3
38 verbose installOne of bcrypt to C:\xampp\htdocs\Applion not in flight; installing
39 verbose lock using C:\Users\wohlig\AppData\Roaming\npm-cache\_locks\bcrypt-7f0f583166e8635c.lock for C:\xampp\htdocs\Applion\node_modules\bcrypt
40 silly install write writing bcrypt 0.8.3 to C:\xampp\htdocs\Applion\node_modules\bcrypt
41 silly cache addNamed cb bcrypt@0.8.3
42 verbose unbuild node_modules\bcrypt
43 silly gentlyRm C:\xampp\htdocs\Applion\node_modules\bcrypt is being purged from base C:\xampp\htdocs\Applion
44 verbose gentlyRm don't care about contents; nuking C:\xampp\htdocs\Applion\node_modules\bcrypt
45 verbose tar unpack C:\Users\wohlig\AppData\Roaming\npm-cache\bcrypt\0.8.3\package.tgz
46 verbose tar unpacking to C:\xampp\htdocs\Applion\node_modules\bcrypt
47 silly gentlyRm C:\xampp\htdocs\Applion\node_modules\bcrypt is being purged
48 verbose gentlyRm don't care about contents; nuking C:\xampp\htdocs\Applion\node_modules\bcrypt
49 silly gunzTarPerm modes [ '777', '666' ]
50 silly gunzTarPerm extractEntry package.json
51 silly gunzTarPerm modified mode [ 'package.json', 420, 438 ]
52 silly gunzTarPerm extractEntry .npmignore
53 silly gunzTarPerm modified mode [ '.npmignore', 420, 438 ]
54 silly gunzTarPerm extractEntry README.md
55 silly gunzTarPerm modified mode [ 'README.md', 420, 438 ]
56 silly gunzTarPerm extractEntry LICENSE
57 silly gunzTarPerm modified mode [ 'LICENSE', 420, 438 ]
58 silly gunzTarPerm extractEntry bcrypt.js
59 silly gunzTarPerm modified mode [ 'bcrypt.js', 420, 438 ]
60 silly gunzTarPerm extractEntry binding.gyp
61 silly gunzTarPerm modified mode [ 'binding.gyp', 420, 438 ]
62 silly gunzTarPerm extractEntry .travis.yml
63 silly gunzTarPerm modified mode [ '.travis.yml', 420, 438 ]
64 silly gunzTarPerm extractEntry CHANGELOG.md
65 silly gunzTarPerm modified mode [ 'CHANGELOG.md', 420, 438 ]
66 silly gunzTarPerm extractEntry examples/async_compare.js
67 silly gunzTarPerm modified mode [ 'examples/async_compare.js', 420, 438 ]
68 silly gunzTarPerm extractEntry examples/forever_gen_salt.js
69 silly gunzTarPerm modified mode [ 'examples/forever_gen_salt.js', 420, 438 ]
70 silly gunzTarPerm extractEntry test/async.js
71 silly gunzTarPerm modified mode [ 'test/async.js', 420, 438 ]
72 silly gunzTarPerm extractEntry test/repetitions.js
73 silly gunzTarPerm modified mode [ 'test/repetitions.js', 420, 438 ]
74 silly gunzTarPerm extractEntry test/sync.js
75 silly gunzTarPerm modified mode [ 'test/sync.js', 420, 438 ]
76 silly gunzTarPerm extractEntry Makefile
77 silly gunzTarPerm modified mode [ 'Makefile', 420, 438 ]
78 silly gunzTarPerm extractEntry src/bcrypt.cc
79 silly gunzTarPerm modified mode [ 'src/bcrypt.cc', 420, 438 ]
80 silly gunzTarPerm extractEntry src/bcrypt_node.cc
81 silly gunzTarPerm modified mode [ 'src/bcrypt_node.cc', 420, 438 ]
82 silly gunzTarPerm extractEntry src/blowfish.cc
83 silly gunzTarPerm modified mode [ 'src/blowfish.cc', 420, 438 ]
84 silly gunzTarPerm extractEntry src/node_blf.h
85 silly gunzTarPerm modified mode [ 'src/node_blf.h', 420, 438 ]
86 silly gunzTarPerm extractEntry werker.yml
87 silly gunzTarPerm modified mode [ 'werker.yml', 420, 438 ]
88 info preinstall bcrypt@0.8.3
89 silly prepareForInstallMany adding bindings@1.2.1 from bcrypt dependencies
90 silly prepareForInstallMany adding nan@1.8.4 from bcrypt dependencies
91 silly cache add args [ 'bindings@1.2.1', null ]
92 verbose cache add spec bindings@1.2.1
93 silly cache add args [ 'nan@1.8.4', null ]
94 verbose cache add spec nan@1.8.4
95 silly cache add parsed spec { raw: 'bindings@1.2.1',
95 silly cache add   scope: null,
95 silly cache add   name: 'bindings',
95 silly cache add   rawSpec: '1.2.1',
95 silly cache add   spec: '1.2.1',
95 silly cache add   type: 'version' }
96 verbose addNamed bindings@1.2.1
97 silly addNamed semver.valid 1.2.1
98 silly addNamed semver.validRange 1.2.1
99 silly mapToRegistry name bindings
100 silly mapToRegistry using default registry
101 silly mapToRegistry registry https://registry.npmjs.org/
102 silly mapToRegistry uri https://registry.npmjs.org/bindings
103 verbose addNameVersion registry:https://registry.npmjs.org/bindings not in flight; fetching
104 silly cache add parsed spec { raw: 'nan@1.8.4',
104 silly cache add   scope: null,
104 silly cache add   name: 'nan',
104 silly cache add   rawSpec: '1.8.4',
104 silly cache add   spec: '1.8.4',
104 silly cache add   type: 'version' }
105 verbose addNamed nan@1.8.4
106 silly addNamed semver.valid 1.8.4
107 silly addNamed semver.validRange 1.8.4
108 silly mapToRegistry name nan
109 silly mapToRegistry using default registry
110 silly mapToRegistry registry https://registry.npmjs.org/
111 silly mapToRegistry uri https://registry.npmjs.org/nan
112 verbose addNameVersion registry:https://registry.npmjs.org/nan not in flight; fetching
113 verbose request uri https://registry.npmjs.org/bindings
114 verbose request no auth needed
115 info attempt registry request try #1 at 10:47:37 AM
116 verbose etag "ADMJ9SS6EQD8EASND8DTMLB6V"
117 http request GET https://registry.npmjs.org/bindings
118 verbose request uri https://registry.npmjs.org/nan
119 verbose request no auth needed
120 info attempt registry request try #1 at 10:47:37 AM
121 verbose etag "9D70CGL7I2GVSPGK48NI768U9"
122 http request GET https://registry.npmjs.org/nan
123 http 304 https://registry.npmjs.org/nan
124 silly get cb [ 304,
124 silly get   { date: 'Mon, 08 Jun 2015 05:16:57 GMT',
124 silly get     via: '1.1 varnish',
124 silly get     'cache-control': 'max-age=60',
124 silly get     etag: '"9D70CGL7I2GVSPGK48NI768U9"',
124 silly get     age: '51',
124 silly get     connection: 'keep-alive',
124 silly get     'x-served-by': 'cache-sin6920-SIN',
124 silly get     'x-cache': 'HIT',
124 silly get     'x-cache-hits': '7',
124 silly get     'x-timer': 'S1433740617.100096,VS0,VE0',
124 silly get     vary: 'Accept' } ]
125 verbose etag https://registry.npmjs.org/nan from cache
126 verbose get saving nan to C:\Users\wohlig\AppData\Roaming\npm-cache\registry.npmjs.org\nan\.cache.json
127 http 304 https://registry.npmjs.org/bindings
128 silly get cb [ 304,
128 silly get   { date: 'Mon, 08 Jun 2015 05:16:57 GMT',
128 silly get     via: '1.1 varnish',
128 silly get     'cache-control': 'max-age=60',
128 silly get     etag: '"ADMJ9SS6EQD8EASND8DTMLB6V"',
128 silly get     age: '29',
128 silly get     connection: 'keep-alive',
128 silly get     'x-served-by': 'cache-sin6921-SIN',
128 silly get     'x-cache': 'HIT',
128 silly get     'x-cache-hits': '2',
128 silly get     'x-timer': 'S1433740617.099534,VS0,VE0',
128 silly get     vary: 'Accept' } ]
129 verbose etag https://registry.npmjs.org/bindings from cache
130 verbose get saving bindings to C:\Users\wohlig\AppData\Roaming\npm-cache\registry.npmjs.org\bindings\.cache.json
131 silly cache afterAdd bindings@1.2.1
132 verbose afterAdd C:\Users\wohlig\AppData\Roaming\npm-cache\bindings\1.2.1\package\package.json not in flight; writing
133 verbose afterAdd C:\Users\wohlig\AppData\Roaming\npm-cache\bindings\1.2.1\package\package.json written
134 silly cache afterAdd nan@1.8.4
135 verbose afterAdd C:\Users\wohlig\AppData\Roaming\npm-cache\nan\1.8.4\package\package.json not in flight; writing
136 verbose afterAdd C:\Users\wohlig\AppData\Roaming\npm-cache\nan\1.8.4\package\package.json written
137 silly install resolved [ { name: 'bindings',
137 silly install resolved     description: 'Helper module for loading your native module\'s .node file',
137 silly install resolved     keywords: [ 'native', 'addon', 'bindings', 'gyp', 'waf', 'c', 'c++' ],
137 silly install resolved     version: '1.2.1',
137 silly install resolved     author:
137 silly install resolved      { name: 'Nathan Rajlich',
137 silly install resolved        email: 'nathan@tootallnate.net',
137 silly install resolved        url: 'http://tootallnate.net' },
137 silly install resolved     repository:
137 silly install resolved      { type: 'git',
137 silly install resolved        url: 'git://github.com/TooTallNate/node-bindings.git' },
137 silly install resolved     main: './bindings.js',
137 silly install resolved     bugs: { url: 'https://github.com/TooTallNate/node-bindings/issues' },
137 silly install resolved     homepage: 'https://github.com/TooTallNate/node-bindings',
137 silly install resolved     license: 'MIT',
137 silly install resolved     gitHead: 'e404152ee27f8478ccbc7122ee051246e8e5ec02',
137 silly install resolved     _id: 'bindings@1.2.1',
137 silly install resolved     scripts: {},
137 silly install resolved     _shasum: '14ad6113812d2d37d72e67b4cacb4bb726505f11',
137 silly install resolved     _from: 'bindings@1.2.1',
137 silly install resolved     _npmVersion: '1.4.14',
137 silly install resolved     _npmUser: { name: 'tootallnate', email: 'nathan@tootallnate.net' },
137 silly install resolved     maintainers: [ [Object], [Object] ],
137 silly install resolved     dist:
137 silly install resolved      { shasum: '14ad6113812d2d37d72e67b4cacb4bb726505f11',
137 silly install resolved        tarball: 'http://registry.npmjs.org/bindings/-/bindings-1.2.1.tgz' },
137 silly install resolved     directories: {},
137 silly install resolved     _resolved: 'https://registry.npmjs.org/bindings/-/bindings-1.2.1.tgz',
137 silly install resolved     readme: 'ERROR: No README data found!' },
137 silly install resolved   { name: 'nan',
137 silly install resolved     version: '1.8.4',
137 silly install resolved     description: 'Native Abstractions for Node.js: C++ header for Node 0.8->0.12 compatibility',
137 silly install resolved     main: 'include_dirs.js',
137 silly install resolved     repository: { type: 'git', url: 'git://github.com/iojs/nan.git' },
137 silly install resolved     scripts:
137 silly install resolved      { test: 'tap --gc test/js/*-test.js',
137 silly install resolved        'rebuild-tests': 'pangyp rebuild --directory test' },
137 silly install resolved     contributors:
137 silly install resolved      [ [Object],
137 silly install resolved        [Object],
137 silly install resolved        [Object],
137 silly install resolved        [Object],
137 silly install resolved        [Object],
137 silly install resolved        [Object],
137 silly install resolved        [Object] ],
137 silly install resolved     devDependencies:
137 silly install resolved      { bindings: '~1.2.1',
137 silly install resolved        'node-gyp': '~1.0.2',
137 silly install resolved        pangyp: '~2.0.1',
137 silly install resolved        tap: '~0.7.1',
137 silly install resolved        xtend: '~4.0.0' },
137 silly install resolved     license: 'MIT',
137 silly install resolved     gitHead: 'ed3bbf4ced0cf7937b4e4164766797f71aa97f3d',
137 silly install resolved     bugs: { url: 'https://github.com/iojs/nan/issues' },
137 silly install resolved     homepage: 'https://github.com/iojs/nan#readme',
137 silly install resolved     _id: 'nan@1.8.4',
137 silly install resolved     _shasum: '3c76b5382eab33e44b758d2813ca9d92e9342f34',
137 silly install resolved     _from: 'nan@1.8.4',
137 silly install resolved     _npmVersion: '2.8.3',
137 silly install resolved     _nodeVersion: '0.12.2',
137 silly install resolved     _npmUser: { name: 'kkoopa', email: 'bbyholm@abo.fi' },
137 silly install resolved     maintainers: [ [Object], [Object] ],
137 silly install resolved     dist:
137 silly install resolved      { shasum: '3c76b5382eab33e44b758d2813ca9d92e9342f34',
137 silly install resolved        tarball: 'http://registry.npmjs.org/nan/-/nan-1.8.4.tgz' },
137 silly install resolved     directories: {},
137 silly install resolved     _resolved: 'https://registry.npmjs.org/nan/-/nan-1.8.4.tgz',
137 silly install resolved     readme: 'ERROR: No README data found!' } ]
138 info install bindings@1.2.1 into C:\xampp\htdocs\Applion\node_modules\bcrypt
139 info install nan@1.8.4 into C:\xampp\htdocs\Applion\node_modules\bcrypt
140 info installOne bindings@1.2.1
141 verbose installOne of bindings to C:\xampp\htdocs\Applion\node_modules\bcrypt not in flight; installing
142 info installOne nan@1.8.4
143 verbose installOne of nan to C:\xampp\htdocs\Applion\node_modules\bcrypt not in flight; installing
144 verbose lock using C:\Users\wohlig\AppData\Roaming\npm-cache\_locks\bindings-d61491bacbbdfe10.lock for C:\xampp\htdocs\Applion\node_modules\bcrypt\node_modules\bindings
145 silly install write writing bindings 1.2.1 to C:\xampp\htdocs\Applion\node_modules\bcrypt\node_modules\bindings
146 silly cache addNamed cb bindings@1.2.1
147 verbose unbuild node_modules\bcrypt\node_modules\bindings
148 verbose lock using C:\Users\wohlig\AppData\Roaming\npm-cache\_locks\nan-a2543508bcaa81c5.lock for C:\xampp\htdocs\Applion\node_modules\bcrypt\node_modules\nan
149 silly install write writing nan 1.8.4 to C:\xampp\htdocs\Applion\node_modules\bcrypt\node_modules\nan
150 silly cache addNamed cb nan@1.8.4
151 verbose unbuild node_modules\bcrypt\node_modules\nan
152 silly gentlyRm C:\xampp\htdocs\Applion\node_modules\bcrypt\node_modules\bindings is being purged from base C:\xampp\htdocs\Applion
153 verbose gentlyRm don't care about contents; nuking C:\xampp\htdocs\Applion\node_modules\bcrypt\node_modules\bindings
154 verbose tar unpack C:\Users\wohlig\AppData\Roaming\npm-cache\bindings\1.2.1\package.tgz
155 verbose tar unpacking to C:\xampp\htdocs\Applion\node_modules\bcrypt\node_modules\bindings
156 silly gentlyRm C:\xampp\htdocs\Applion\node_modules\bcrypt\node_modules\bindings is being purged
157 verbose gentlyRm don't care about contents; nuking C:\xampp\htdocs\Applion\node_modules\bcrypt\node_modules\bindings
158 silly gentlyRm C:\xampp\htdocs\Applion\node_modules\bcrypt\node_modules\nan is being purged from base C:\xampp\htdocs\Applion
159 verbose gentlyRm don't care about contents; nuking C:\xampp\htdocs\Applion\node_modules\bcrypt\node_modules\nan
160 silly gunzTarPerm modes [ '777', '666' ]
161 verbose tar unpack C:\Users\wohlig\AppData\Roaming\npm-cache\nan\1.8.4\package.tgz
162 verbose tar unpacking to C:\xampp\htdocs\Applion\node_modules\bcrypt\node_modules\nan
163 silly gentlyRm C:\xampp\htdocs\Applion\node_modules\bcrypt\node_modules\nan is being purged
164 verbose gentlyRm don't care about contents; nuking C:\xampp\htdocs\Applion\node_modules\bcrypt\node_modules\nan
165 silly gunzTarPerm modes [ '777', '666' ]
166 silly gunzTarPerm extractEntry package.json
167 silly gunzTarPerm modified mode [ 'package.json', 420, 438 ]
168 silly gunzTarPerm extractEntry package.json
169 silly gunzTarPerm modified mode [ 'package.json', 436, 438 ]
170 silly gunzTarPerm extractEntry README.md
171 silly gunzTarPerm modified mode [ 'README.md', 420, 438 ]
172 silly gunzTarPerm extractEntry bindings.js
173 silly gunzTarPerm modified mode [ 'bindings.js', 420, 438 ]
174 silly gunzTarPerm extractEntry README.md
175 silly gunzTarPerm modified mode [ 'README.md', 436, 438 ]
176 silly gunzTarPerm extractEntry include_dirs.js
177 silly gunzTarPerm modified mode [ 'include_dirs.js', 436, 438 ]
178 silly gunzTarPerm extractEntry LICENSE.md
179 silly gunzTarPerm modified mode [ 'LICENSE.md', 436, 438 ]
180 silly gunzTarPerm extractEntry .dntrc
181 silly gunzTarPerm modified mode [ '.dntrc', 436, 438 ]
182 silly gunzTarPerm extractEntry appveyor.yml
183 silly gunzTarPerm modified mode [ 'appveyor.yml', 436, 438 ]
184 silly gunzTarPerm extractEntry nan.h
185 silly gunzTarPerm modified mode [ 'nan.h', 436, 438 ]
186 silly gunzTarPerm extractEntry nan_implementation_12_inl.h
187 silly gunzTarPerm modified mode [ 'nan_implementation_12_inl.h', 436, 438 ]
188 info preinstall bindings@1.2.1
189 silly install resolved []
190 verbose about to build C:\xampp\htdocs\Applion\node_modules\bcrypt\node_modules\bindings
191 info build C:\xampp\htdocs\Applion\node_modules\bcrypt\node_modules\bindings
192 verbose linkStuff [ false,
192 verbose linkStuff   false,
192 verbose linkStuff   false,
192 verbose linkStuff   'C:\\xampp\\htdocs\\Applion\\node_modules\\bcrypt\\node_modules' ]
193 info linkStuff bindings@1.2.1
194 verbose linkBins bindings@1.2.1
195 verbose linkMans bindings@1.2.1
196 verbose rebuildBundles bindings@1.2.1
197 info install bindings@1.2.1
198 info postinstall bindings@1.2.1
199 silly gunzTarPerm extractEntry nan_implementation_pre_12_inl.h
200 silly gunzTarPerm modified mode [ 'nan_implementation_pre_12_inl.h', 436, 438 ]
201 verbose unlock done using C:\Users\wohlig\AppData\Roaming\npm-cache\_locks\bindings-d61491bacbbdfe10.lock for C:\xampp\htdocs\Applion\node_modules\bcrypt\node_modules\bindings
202 silly gunzTarPerm extractEntry nan_new.h
203 silly gunzTarPerm modified mode [ 'nan_new.h', 436, 438 ]
204 silly gunzTarPerm extractEntry nan_string_bytes.h
205 silly gunzTarPerm modified mode [ 'nan_string_bytes.h', 436, 438 ]
206 silly gunzTarPerm extractEntry CHANGELOG.md
207 silly gunzTarPerm modified mode [ 'CHANGELOG.md', 436, 438 ]
208 info preinstall nan@1.8.4
209 silly install resolved []
210 verbose about to build C:\xampp\htdocs\Applion\node_modules\bcrypt\node_modules\nan
211 info build C:\xampp\htdocs\Applion\node_modules\bcrypt\node_modules\nan
212 verbose linkStuff [ false,
212 verbose linkStuff   false,
212 verbose linkStuff   false,
212 verbose linkStuff   'C:\\xampp\\htdocs\\Applion\\node_modules\\bcrypt\\node_modules' ]
213 info linkStuff nan@1.8.4
214 verbose linkBins nan@1.8.4
215 verbose linkMans nan@1.8.4
216 verbose rebuildBundles nan@1.8.4
217 info install nan@1.8.4
218 info postinstall nan@1.8.4
219 verbose unlock done using C:\Users\wohlig\AppData\Roaming\npm-cache\_locks\nan-a2543508bcaa81c5.lock for C:\xampp\htdocs\Applion\node_modules\bcrypt\node_modules\nan
220 verbose about to build C:\xampp\htdocs\Applion\node_modules\bcrypt
221 info build C:\xampp\htdocs\Applion\node_modules\bcrypt
222 verbose linkStuff [ false,
222 verbose linkStuff   false,
222 verbose linkStuff   false,
222 verbose linkStuff   'C:\\xampp\\htdocs\\Applion\\node_modules' ]
223 info linkStuff bcrypt@0.8.3
224 verbose linkBins bcrypt@0.8.3
225 verbose linkMans bcrypt@0.8.3
226 verbose rebuildBundles bcrypt@0.8.3
227 verbose rebuildBundles [ 'bindings', 'nan' ]
228 info install bcrypt@0.8.3
229 verbose unsafe-perm in lifecycle true
230 info bcrypt@0.8.3 Failed to exec install script
231 verbose unlock done using C:\Users\wohlig\AppData\Roaming\npm-cache\_locks\bcrypt-7f0f583166e8635c.lock for C:\xampp\htdocs\Applion\node_modules\bcrypt
232 verbose stack Error: bcrypt@0.8.3 install: `node-gyp rebuild`
232 verbose stack Exit status 1
232 verbose stack     at EventEmitter.<anonymous> (C:\Program Files\nodejs\node_modules\npm\lib\utils\lifecycle.js:213:16)
232 verbose stack     at EventEmitter.emit (events.js:110:17)
232 verbose stack     at ChildProcess.<anonymous> (C:\Program Files\nodejs\node_modules\npm\lib\utils\spawn.js:14:12)
232 verbose stack     at ChildProcess.emit (events.js:110:17)
232 verbose stack     at maybeClose (child_process.js:1015:16)
232 verbose stack     at Process.ChildProcess._handle.onexit (child_process.js:1087:5)
233 verbose pkgid bcrypt@0.8.3
234 verbose cwd C:\xampp\htdocs\Applion
235 error Windows_NT 6.3.9600
236 error argv "C:\\Program Files\\nodejs\\\\node.exe" "C:\\Program Files\\nodejs\\node_modules\\npm\\bin\\npm-cli.js" "install" "bcrypt" "--save"
237 error node v0.12.2
238 error npm  v2.7.4
239 error code ELIFECYCLE
240 error bcrypt@0.8.3 install: `node-gyp rebuild`
240 error Exit status 1
241 error Failed at the bcrypt@0.8.3 install script 'node-gyp rebuild'.
241 error This is most likely a problem with the bcrypt package,
241 error not with npm itself.
241 error Tell the author that this fails on your system:
241 error     node-gyp rebuild
241 error You can get their info via:
241 error     npm owner ls bcrypt
241 error There is likely additional logging output above.
242 verbose exit [ 1, true ]
243 verbose unbuild node_modules\bcrypt
244 info preuninstall bcrypt@0.8.3
245 info uninstall bcrypt@0.8.3
246 verbose unbuild rmStuff bcrypt@0.8.3 from C:\xampp\htdocs\Applion\node_modules
247 info postuninstall bcrypt@0.8.3
248 silly gentlyRm C:\xampp\htdocs\Applion\node_modules\bcrypt is being purged from base C:\xampp\htdocs\Applion
249 verbose gentlyRm don't care about contents; nuking C:\xampp\htdocs\Applion\node_modules\bcrypt
250 silly vacuum-fs purging C:\xampp\htdocs\Applion\node_modules\bcrypt
251 silly vacuum-fs quitting because other entries in C:\xampp\htdocs\Applion\node_modules
